<?xml version="1.0" encoding="UTF-8"?>
<!-- Generated by org.testng.reporters.JUnitXMLReporter -->
<testsuite ignored="0" hostname="ip-172-31-33-156" failures="0" tests="6" name="Default test" time="3.111" errors="0" timestamp="2021-03-10T08:01:24 UTC">
  <testcase classname="com.stackroute.favouriteservice.controller.BookControllerTest" name="saveBookTest" time="2.581"/>
  <testcase classname="com.stackroute.favouriteservice.controller.BookControllerTest" name="test_BookAlreadyExists" time="0.071"/>
  <testcase classname="com.stackroute.favouriteservice.controller.BookControllerTest" name="test_getMyFavouriteBooks" time="0.133"/>
  <testcase classname="com.stackroute.favouriteservice.controller.BookControllerTest" name="test_deleteBooksFromFavourite" time="0.086"/>
  <testcase classname="com.stackroute.favouriteservice.controller.BookControllerTest" name="test_deleteBooksFailure" time="0.062"/>
  <testcase classname="com.stackroute.favouriteservice.controller.BookControllerTest" name="test_getMyFavouriteBooksFailure" time="0.053"/>
</testsuite> <!-- Default test -->
