<?xml version="1.0" encoding="UTF-8"?>
<!-- Generated by org.testng.reporters.JUnitXMLReporter -->
<testsuite ignored="0" hostname="ip-172-31-33-156" failures="0" tests="7" name="Default test" time="3.091" errors="0" timestamp="2021-03-10T07:30:18 UTC">
  <testcase classname="com.stackroute.userservice.controller.AuthenticationControllerTest" name="test_registerUser" time="2.698"/>
  <testcase classname="com.stackroute.userservice.controller.AuthenticationControllerTest" name="test_loginUser" time="0.065"/>
  <testcase classname="com.stackroute.userservice.controller.AuthenticationControllerTest" name="test_loginUser1" time="0.045"/>
  <testcase classname="com.stackroute.userservice.controller.AuthenticationControllerTest" name="test_loginUser2" time="0.063"/>
  <testcase classname="com.stackroute.userservice.controller.AuthenticationControllerTest" name="test_loginUser3" time="0.035"/>
  <testcase classname="com.stackroute.userservice.controller.AuthenticationControllerTest" name="test_registerUser1" time="0.054"/>
  <testcase classname="com.stackroute.userservice.controller.AuthenticationControllerTest" name="test_registerUser_with_no_userid_or_password" time="0.029"/>
</testsuite> <!-- Default test -->
